2018-12-10 10:16:29,623 [Thread-59:12028] [django.request:118] [ERROR]- Internal Server Error: /autoTest/find_data/
Traceback (most recent call last):
  File "C:\Python36\lib\site-packages\django\core\handlers\exception.py", line 35, in inner
    response = get_response(request)
  File "C:\Python36\lib\site-packages\django\core\handlers\base.py", line 139, in _get_response
    "returned None instead." % (callback.__module__, view_name)
ValueError: The view autoTest.views.find_data didn't return an HttpResponse object. It returned None instead.
2018-12-10 10:16:30,652 [Thread-60:12024] [django.request:118] [ERROR]- Internal Server Error: /autoTest/find_data/
Traceback (most recent call last):
  File "C:\Python36\lib\site-packages\django\core\handlers\exception.py", line 35, in inner
    response = get_response(request)
  File "C:\Python36\lib\site-packages\django\core\handlers\base.py", line 139, in _get_response
    "returned None instead." % (callback.__module__, view_name)
ValueError: The view autoTest.views.find_data didn't return an HttpResponse object. It returned None instead.
2018-12-10 10:16:38,150 [Thread-61:10312] [django.request:118] [ERROR]- Internal Server Error: /autoTest/testCases_update/
Traceback (most recent call last):
  File "C:\Python36\lib\site-packages\django\core\handlers\exception.py", line 35, in inner
    response = get_response(request)
  File "C:\Python36\lib\site-packages\django\core\handlers\base.py", line 139, in _get_response
    "returned None instead." % (callback.__module__, view_name)
ValueError: The view autoTest.views.testCases_update didn't return an HttpResponse object. It returned None instead.
2018-12-10 10:16:39,439 [Thread-62:10112] [django.request:118] [ERROR]- Internal Server Error: /autoTest/testCases_update/
Traceback (most recent call last):
  File "C:\Python36\lib\site-packages\django\core\handlers\exception.py", line 35, in inner
    response = get_response(request)
  File "C:\Python36\lib\site-packages\django\core\handlers\base.py", line 139, in _get_response
    "returned None instead." % (callback.__module__, view_name)
ValueError: The view autoTest.views.testCases_update didn't return an HttpResponse object. It returned None instead.
2018-12-10 10:22:03,806 [Thread-66:2876] [django.request:118] [ERROR]- Internal Server Error: /autoTest/find_data/
Traceback (most recent call last):
  File "C:\Python36\lib\site-packages\django\core\handlers\exception.py", line 35, in inner
    response = get_response(request)
  File "C:\Python36\lib\site-packages\django\core\handlers\base.py", line 139, in _get_response
    "returned None instead." % (callback.__module__, view_name)
ValueError: The view autoTest.views.find_data didn't return an HttpResponse object. It returned None instead.
2018-12-10 10:22:16,592 [Thread-67:10316] [django.request:118] [ERROR]- Internal Server Error: /autoTest/find_data/
Traceback (most recent call last):
  File "C:\Python36\lib\site-packages\django\core\handlers\exception.py", line 35, in inner
    response = get_response(request)
  File "C:\Python36\lib\site-packages\django\core\handlers\base.py", line 139, in _get_response
    "returned None instead." % (callback.__module__, view_name)
ValueError: The view autoTest.views.find_data didn't return an HttpResponse object. It returned None instead.
2018-12-10 10:22:25,076 [Thread-68:10996] [django.request:118] [ERROR]- Internal Server Error: /autoTest/find_data/
Traceback (most recent call last):
  File "C:\Python36\lib\site-packages\django\core\handlers\exception.py", line 35, in inner
    response = get_response(request)
  File "C:\Python36\lib\site-packages\django\core\handlers\base.py", line 139, in _get_response
    "returned None instead." % (callback.__module__, view_name)
ValueError: The view autoTest.views.find_data didn't return an HttpResponse object. It returned None instead.
2018-12-10 10:24:01,854 [Thread-69:10884] [django.request:118] [ERROR]- Internal Server Error: /autoTest/find_data/
Traceback (most recent call last):
  File "C:\Python36\lib\site-packages\django\core\handlers\exception.py", line 35, in inner
    response = get_response(request)
  File "C:\Python36\lib\site-packages\django\core\handlers\base.py", line 139, in _get_response
    "returned None instead." % (callback.__module__, view_name)
ValueError: The view autoTest.views.find_data didn't return an HttpResponse object. It returned None instead.
2018-12-10 10:25:13,226 [Thread-8:1856] [django.request:118] [ERROR]- Internal Server Error: /autoTest/find_data/
Traceback (most recent call last):
  File "C:\Python36\lib\site-packages\django\core\handlers\exception.py", line 35, in inner
    response = get_response(request)
  File "C:\Python36\lib\site-packages\django\core\handlers\base.py", line 139, in _get_response
    "returned None instead." % (callback.__module__, view_name)
ValueError: The view autoTest.views.find_data didn't return an HttpResponse object. It returned None instead.
2018-12-10 10:36:40,803 [Thread-12:13360] [django.request:118] [ERROR]- Internal Server Error: /autoTest/find_data/
Traceback (most recent call last):
  File "C:\Python36\lib\site-packages\django\core\handlers\exception.py", line 35, in inner
    response = get_response(request)
  File "C:\Python36\lib\site-packages\django\core\handlers\base.py", line 128, in _get_response
    response = self.process_exception_by_middleware(e, request)
  File "C:\Python36\lib\site-packages\django\core\handlers\base.py", line 126, in _get_response
    response = wrapped_callback(request, *callback_args, **callback_kwargs)
  File "C:\Python36\lib\site-packages\django\views\decorators\csrf.py", line 54, in wrapped_view
    return view_func(*args, **kwargs)
  File "E:\github\djangoProject\testGo\autoTest\views.py", line 681, in find_data
    testSuite_sum = TestCases.objects.filter(TestCases_name__contains=data_id)
  File "C:\Python36\lib\site-packages\django\db\models\manager.py", line 82, in manager_method
    return getattr(self.get_queryset(), name)(*args, **kwargs)
  File "C:\Python36\lib\site-packages\django\db\models\query.py", line 836, in filter
    return self._filter_or_exclude(False, *args, **kwargs)
  File "C:\Python36\lib\site-packages\django\db\models\query.py", line 854, in _filter_or_exclude
    clone.query.add_q(Q(*args, **kwargs))
  File "C:\Python36\lib\site-packages\django\db\models\sql\query.py", line 1253, in add_q
    clause, _ = self._add_q(q_object, self.used_aliases)
  File "C:\Python36\lib\site-packages\django\db\models\sql\query.py", line 1277, in _add_q
    split_subq=split_subq,
  File "C:\Python36\lib\site-packages\django\db\models\sql\query.py", line 1153, in build_filter
    lookups, parts, reffed_expression = self.solve_lookup_type(arg)
  File "C:\Python36\lib\site-packages\django\db\models\sql\query.py", line 1015, in solve_lookup_type
    _, field, _, lookup_parts = self.names_to_path(lookup_splitted, self.get_meta())
  File "C:\Python36\lib\site-packages\django\db\models\sql\query.py", line 1379, in names_to_path
    "Choices are: %s" % (name, ", ".join(available)))
django.core.exceptions.FieldError: Cannot resolve keyword 'TestCases_name' into field. Choices are: description, headers, output, parameters, setup_hooks, teardown_hooks, testCases_id, testCases_list, testCases_name, testSuite_function, variables
2018-12-10 10:47:01,975 [Thread-6:11148] [django.request:118] [ERROR]- Internal Server Error: /autoTest/find_data/
Traceback (most recent call last):
  File "C:\Python36\lib\site-packages\django\core\handlers\exception.py", line 35, in inner
    response = get_response(request)
  File "C:\Python36\lib\site-packages\django\core\handlers\base.py", line 139, in _get_response
    "returned None instead." % (callback.__module__, view_name)
ValueError: The view autoTest.views.find_data didn't return an HttpResponse object. It returned None instead.
2018-12-10 10:48:34,110 [Thread-8:1760] [django.request:118] [ERROR]- Internal Server Error: /autoTest/find_data/
Traceback (most recent call last):
  File "C:\Python36\lib\site-packages\django\core\handlers\exception.py", line 35, in inner
    response = get_response(request)
  File "C:\Python36\lib\site-packages\django\core\handlers\base.py", line 139, in _get_response
    "returned None instead." % (callback.__module__, view_name)
ValueError: The view autoTest.views.find_data didn't return an HttpResponse object. It returned None instead.
2018-12-10 10:49:05,470 [Thread-18:6420] [django.request:118] [ERROR]- Internal Server Error: /autoTest/find_data/
Traceback (most recent call last):
  File "C:\Python36\lib\site-packages\django\core\handlers\exception.py", line 35, in inner
    response = get_response(request)
  File "C:\Python36\lib\site-packages\django\core\handlers\base.py", line 139, in _get_response
    "returned None instead." % (callback.__module__, view_name)
ValueError: The view autoTest.views.find_data didn't return an HttpResponse object. It returned None instead.
2018-12-10 10:51:30,478 [Thread-6:10496] [django.request:118] [ERROR]- Internal Server Error: /autoTest/find_data/
Traceback (most recent call last):
  File "C:\Python36\lib\site-packages\django\core\handlers\exception.py", line 35, in inner
    response = get_response(request)
  File "C:\Python36\lib\site-packages\django\core\handlers\base.py", line 139, in _get_response
    "returned None instead." % (callback.__module__, view_name)
ValueError: The view autoTest.views.find_data didn't return an HttpResponse object. It returned None instead.
2019-02-13 09:36:34,560 [Thread-15:89039688] [django.request:118] [ERROR]- Internal Server Error: /autoTest/testStep_run/
Traceback (most recent call last):
  File "C:\Python36\lib\site-packages\django\core\handlers\exception.py", line 35, in inner
    response = get_response(request)
  File "C:\Python36\lib\site-packages\django\core\handlers\base.py", line 128, in _get_response
    response = self.process_exception_by_middleware(e, request)
  File "C:\Python36\lib\site-packages\django\core\handlers\base.py", line 126, in _get_response
    response = wrapped_callback(request, *callback_args, **callback_kwargs)
  File "E:\github\testGo\autoTest\views.py", line 623, in testStep_run
    headers = goFunction.changeHeadersFormat(testCasesObject=testStep, headerString=request.POST.get('request_headers', ''))
  File "E:\github\testGo\autoTest\goFunction.py", line 174, in changeHeadersFormat
    dataType = headers_dataType_list[index]
IndexError: list index out of range
2019-02-13 11:12:48,474 [Thread-12:87177032] [django.request:118] [ERROR]- Internal Server Error: /autoTest/testCases_run/
Traceback (most recent call last):
  File "C:\Python36\lib\site-packages\django\core\handlers\exception.py", line 35, in inner
    response = get_response(request)
  File "C:\Python36\lib\site-packages\django\core\handlers\base.py", line 128, in _get_response
    response = self.process_exception_by_middleware(e, request)
  File "C:\Python36\lib\site-packages\django\core\handlers\base.py", line 126, in _get_response
    response = wrapped_callback(request, *callback_args, **callback_kwargs)
  File "E:\github\testGo\autoTest\views.py", line 889, in testCases_run
    return JsonResponse(summary, safe=False)
UnboundLocalError: local variable 'summary' referenced before assignment
2019-02-13 11:42:15,544 [Thread-43:101961032] [django.request:118] [ERROR]- Internal Server Error: /autoTest/testCases_run/
Traceback (most recent call last):
  File "C:\Python36\lib\site-packages\django\core\handlers\exception.py", line 35, in inner
    response = get_response(request)
  File "C:\Python36\lib\site-packages\django\core\handlers\base.py", line 128, in _get_response
    response = self.process_exception_by_middleware(e, request)
  File "C:\Python36\lib\site-packages\django\core\handlers\base.py", line 126, in _get_response
    response = wrapped_callback(request, *callback_args, **callback_kwargs)
  File "E:\github\testGo\autoTest\views.py", line 892, in testCases_run
    report_path = runner.gen_html_report()
  File "C:\Python36\lib\site-packages\httprunner\api.py", line 250, in gen_html_report
    raise exceptions.MyBaseError("run method should be called before gen_html_report.")
httprunner.exceptions.MyBaseError: run method should be called before gen_html_report.
2019-02-13 17:05:00,897 [Thread-10:102159944] [django.request:118] [ERROR]- Internal Server Error: /autoTest/report_show/
Traceback (most recent call last):
  File "C:\Python36\lib\site-packages\django\core\handlers\exception.py", line 35, in inner
    response = get_response(request)
  File "C:\Python36\lib\site-packages\django\core\handlers\base.py", line 128, in _get_response
    response = self.process_exception_by_middleware(e, request)
  File "C:\Python36\lib\site-packages\django\core\handlers\base.py", line 126, in _get_response
    response = wrapped_callback(request, *callback_args, **callback_kwargs)
  File "E:\github\testGo\autoTest\views.py", line 939, in report_show
    return render(request, report_html_path,{ })
  File "C:\Python36\lib\site-packages\django\shortcuts.py", line 36, in render
    content = loader.render_to_string(template_name, context, request, using=using)
  File "C:\Python36\lib\site-packages\django\template\loader.py", line 61, in render_to_string
    template = get_template(template_name, using=using)
  File "C:\Python36\lib\site-packages\django\template\loader.py", line 19, in get_template
    raise TemplateDoesNotExist(template_name, chain=chain)
django.template.exceptions.TemplateDoesNotExist: autoTest/reports/1550048713.html
2019-02-13 17:10:33,013 [Thread-12:102159688] [django.request:118] [ERROR]- Internal Server Error: /autoTest/report_show/
Traceback (most recent call last):
  File "C:\Python36\lib\site-packages\django\core\handlers\exception.py", line 35, in inner
    response = get_response(request)
  File "C:\Python36\lib\site-packages\django\core\handlers\base.py", line 128, in _get_response
    response = self.process_exception_by_middleware(e, request)
  File "C:\Python36\lib\site-packages\django\core\handlers\base.py", line 126, in _get_response
    response = wrapped_callback(request, *callback_args, **callback_kwargs)
  File "E:\github\testGo\autoTest\views.py", line 939, in report_show
    return render(request, report_html_path,{ })
  File "C:\Python36\lib\site-packages\django\shortcuts.py", line 36, in render
    content = loader.render_to_string(template_name, context, request, using=using)
  File "C:\Python36\lib\site-packages\django\template\loader.py", line 61, in render_to_string
    template = get_template(template_name, using=using)
  File "C:\Python36\lib\site-packages\django\template\loader.py", line 19, in get_template
    raise TemplateDoesNotExist(template_name, chain=chain)
django.template.exceptions.TemplateDoesNotExist: autoTest/reports/1550049046.html
2019-02-13 17:11:43,743 [Thread-14:102159944] [django.request:118] [ERROR]- Internal Server Error: /autoTest/report_show/
Traceback (most recent call last):
  File "C:\Python36\lib\site-packages\django\core\handlers\exception.py", line 35, in inner
    response = get_response(request)
  File "C:\Python36\lib\site-packages\django\core\handlers\base.py", line 128, in _get_response
    response = self.process_exception_by_middleware(e, request)
  File "C:\Python36\lib\site-packages\django\core\handlers\base.py", line 126, in _get_response
    response = wrapped_callback(request, *callback_args, **callback_kwargs)
  File "E:\github\testGo\autoTest\views.py", line 939, in report_show
    return render(request, report_html_path,{ })
  File "C:\Python36\lib\site-packages\django\shortcuts.py", line 36, in render
    content = loader.render_to_string(template_name, context, request, using=using)
  File "C:\Python36\lib\site-packages\django\template\loader.py", line 61, in render_to_string
    template = get_template(template_name, using=using)
  File "C:\Python36\lib\site-packages\django\template\loader.py", line 19, in get_template
    raise TemplateDoesNotExist(template_name, chain=chain)
django.template.exceptions.TemplateDoesNotExist: autoTest/reports/1550049046.html
2019-02-13 17:27:03,728 [Thread-2:102019144] [django.request:118] [ERROR]- Internal Server Error: /autoTest/report_show/
Traceback (most recent call last):
  File "C:\Python36\lib\site-packages\django\core\handlers\exception.py", line 35, in inner
    response = get_response(request)
  File "C:\Python36\lib\site-packages\django\core\handlers\base.py", line 128, in _get_response
    response = self.process_exception_by_middleware(e, request)
  File "C:\Python36\lib\site-packages\django\core\handlers\base.py", line 126, in _get_response
    response = wrapped_callback(request, *callback_args, **callback_kwargs)
  File "E:\github\testGo\autoTest\views.py", line 941, in report_show
    return render(request, report_html_path,{ })
  File "C:\Python36\lib\site-packages\django\shortcuts.py", line 36, in render
    content = loader.render_to_string(template_name, context, request, using=using)
  File "C:\Python36\lib\site-packages\django\template\loader.py", line 61, in render_to_string
    template = get_template(template_name, using=using)
  File "C:\Python36\lib\site-packages\django\template\loader.py", line 19, in get_template
    raise TemplateDoesNotExist(template_name, chain=chain)
django.template.exceptions.TemplateDoesNotExist: autoTest/reports/1550050035.html
2019-02-13 17:41:09,454 [Thread-4:102019400] [django.request:118] [ERROR]- Internal Server Error: /autoTest/report_show/
Traceback (most recent call last):
  File "C:\Python36\lib\site-packages\django\core\handlers\exception.py", line 35, in inner
    response = get_response(request)
  File "C:\Python36\lib\site-packages\django\core\handlers\base.py", line 128, in _get_response
    response = self.process_exception_by_middleware(e, request)
  File "C:\Python36\lib\site-packages\django\core\handlers\base.py", line 126, in _get_response
    response = wrapped_callback(request, *callback_args, **callback_kwargs)
  File "E:\github\testGo\autoTest\views.py", line 941, in report_show
    return render(request, report_html_path,{ })
  File "C:\Python36\lib\site-packages\django\shortcuts.py", line 36, in render
    content = loader.render_to_string(template_name, context, request, using=using)
  File "C:\Python36\lib\site-packages\django\template\loader.py", line 61, in render_to_string
    template = get_template(template_name, using=using)
  File "C:\Python36\lib\site-packages\django\template\loader.py", line 19, in get_template
    raise TemplateDoesNotExist(template_name, chain=chain)
django.template.exceptions.TemplateDoesNotExist: autoTest/reports/1550050882.html
2019-02-13 18:06:47,439 [Thread-2:101700168] [django.request:118] [ERROR]- Internal Server Error: /autoTest/report_show/
Traceback (most recent call last):
  File "C:\Python36\lib\site-packages\django\core\handlers\exception.py", line 35, in inner
    response = get_response(request)
  File "C:\Python36\lib\site-packages\django\core\handlers\base.py", line 128, in _get_response
    response = self.process_exception_by_middleware(e, request)
  File "C:\Python36\lib\site-packages\django\core\handlers\base.py", line 126, in _get_response
    response = wrapped_callback(request, *callback_args, **callback_kwargs)
  File "E:\github\testGo\autoTest\views.py", line 940, in report_show
    return render(request, report_html_path,{ })
  File "C:\Python36\lib\site-packages\django\shortcuts.py", line 36, in render
    content = loader.render_to_string(template_name, context, request, using=using)
  File "C:\Python36\lib\site-packages\django\template\loader.py", line 61, in render_to_string
    template = get_template(template_name, using=using)
  File "C:\Python36\lib\site-packages\django\template\loader.py", line 19, in get_template
    raise TemplateDoesNotExist(template_name, chain=chain)
django.template.exceptions.TemplateDoesNotExist: autoTest/reports/1550052420.html
2019-02-13 18:08:56,154 [Thread-8:101963592] [django.request:118] [ERROR]- Internal Server Error: /autoTest/testCases_run/
Traceback (most recent call last):
  File "C:\Python36\lib\site-packages\django\core\handlers\exception.py", line 35, in inner
    response = get_response(request)
  File "C:\Python36\lib\site-packages\django\core\handlers\base.py", line 128, in _get_response
    response = self.process_exception_by_middleware(e, request)
  File "C:\Python36\lib\site-packages\django\core\handlers\base.py", line 126, in _get_response
    response = wrapped_callback(request, *callback_args, **callback_kwargs)
  File "E:\github\testGo\autoTest\views.py", line 892, in testCases_run
    report_path = runner.gen_html_report()
  File "C:\Python36\lib\site-packages\httprunner\api.py", line 250, in gen_html_report
    raise exceptions.MyBaseError("run method should be called before gen_html_report.")
httprunner.exceptions.MyBaseError: run method should be called before gen_html_report.
2019-02-13 18:09:09,155 [Thread-9:87177032] [django.request:118] [ERROR]- Internal Server Error: /autoTest/testCases_run/
Traceback (most recent call last):
  File "C:\Python36\lib\site-packages\django\core\handlers\exception.py", line 35, in inner
    response = get_response(request)
  File "C:\Python36\lib\site-packages\django\core\handlers\base.py", line 128, in _get_response
    response = self.process_exception_by_middleware(e, request)
  File "C:\Python36\lib\site-packages\django\core\handlers\base.py", line 126, in _get_response
    response = wrapped_callback(request, *callback_args, **callback_kwargs)
  File "E:\github\testGo\autoTest\views.py", line 889, in testCases_run
    return JsonResponse(summary, safe=False)
UnboundLocalError: local variable 'summary' referenced before assignment
2019-02-13 18:39:06,145 [Thread-20:87177032] [django.request:118] [ERROR]- Internal Server Error: /autoTest/report_show/
Traceback (most recent call last):
  File "C:\Python36\lib\site-packages\django\core\handlers\exception.py", line 35, in inner
    response = get_response(request)
  File "C:\Python36\lib\site-packages\django\core\handlers\base.py", line 128, in _get_response
    response = self.process_exception_by_middleware(e, request)
  File "C:\Python36\lib\site-packages\django\core\handlers\base.py", line 126, in _get_response
    response = wrapped_callback(request, *callback_args, **callback_kwargs)
  File "E:\github\testGo\autoTest\views.py", line 940, in report_show
    return render(request, report_html_path,{ })
  File "C:\Python36\lib\site-packages\django\shortcuts.py", line 36, in render
    content = loader.render_to_string(template_name, context, request, using=using)
  File "C:\Python36\lib\site-packages\django\template\loader.py", line 61, in render_to_string
    template = get_template(template_name, using=using)
  File "C:\Python36\lib\site-packages\django\template\loader.py", line 19, in get_template
    raise TemplateDoesNotExist(template_name, chain=chain)
django.template.exceptions.TemplateDoesNotExist: autoTest/reports/1550054359.html
2019-02-13 19:14:52,981 [Thread-2:102146120] [django.request:118] [ERROR]- Internal Server Error: /autoTest/report_show/
Traceback (most recent call last):
  File "C:\Python36\lib\site-packages\django\core\handlers\exception.py", line 35, in inner
    response = get_response(request)
  File "C:\Python36\lib\site-packages\django\core\handlers\base.py", line 128, in _get_response
    response = self.process_exception_by_middleware(e, request)
  File "C:\Python36\lib\site-packages\django\core\handlers\base.py", line 126, in _get_response
    response = wrapped_callback(request, *callback_args, **callback_kwargs)
  File "E:\github\testGo\autoTest\views.py", line 939, in report_show
    return render(request, report_html_path,{ })
  File "C:\Python36\lib\site-packages\django\shortcuts.py", line 36, in render
    content = loader.render_to_string(template_name, context, request, using=using)
  File "C:\Python36\lib\site-packages\django\template\loader.py", line 61, in render_to_string
    template = get_template(template_name, using=using)
  File "C:\Python36\lib\site-packages\django\template\loader.py", line 19, in get_template
    raise TemplateDoesNotExist(template_name, chain=chain)
django.template.exceptions.TemplateDoesNotExist: autoTest/reports/1550056505.html
2019-02-13 19:27:59,731 [Thread-4:102146888] [django.request:118] [ERROR]- Internal Server Error: /autoTest/report_show/
Traceback (most recent call last):
  File "C:\Python36\lib\site-packages\django\core\handlers\exception.py", line 35, in inner
    response = get_response(request)
  File "C:\Python36\lib\site-packages\django\core\handlers\base.py", line 128, in _get_response
    response = self.process_exception_by_middleware(e, request)
  File "C:\Python36\lib\site-packages\django\core\handlers\base.py", line 126, in _get_response
    response = wrapped_callback(request, *callback_args, **callback_kwargs)
  File "E:\github\testGo\autoTest\views.py", line 939, in report_show
    return render(request, report_html_path,{ })
  File "C:\Python36\lib\site-packages\django\shortcuts.py", line 36, in render
    content = loader.render_to_string(template_name, context, request, using=using)
  File "C:\Python36\lib\site-packages\django\template\loader.py", line 61, in render_to_string
    template = get_template(template_name, using=using)
  File "C:\Python36\lib\site-packages\django\template\loader.py", line 19, in get_template
    raise TemplateDoesNotExist(template_name, chain=chain)
django.template.exceptions.TemplateDoesNotExist: autoTest/reports/1550057292.html
2019-02-13 20:16:32,813 [Thread-2:101871688] [django.request:118] [ERROR]- Internal Server Error: /autoTest/report_show/
Traceback (most recent call last):
  File "C:\Python36\lib\site-packages\django\core\handlers\exception.py", line 35, in inner
    response = get_response(request)
  File "C:\Python36\lib\site-packages\django\core\handlers\base.py", line 128, in _get_response
    response = self.process_exception_by_middleware(e, request)
  File "C:\Python36\lib\site-packages\django\core\handlers\base.py", line 126, in _get_response
    response = wrapped_callback(request, *callback_args, **callback_kwargs)
  File "E:\github\testGo\autoTest\views.py", line 938, in report_show
    report_html_path = "autoTest/reports/" + Report.objects.get(report_id=report_id).path[-15:]
  File "C:\Python36\lib\site-packages\django\db\models\manager.py", line 82, in manager_method
    return getattr(self.get_queryset(), name)(*args, **kwargs)
  File "C:\Python36\lib\site-packages\django\db\models\query.py", line 403, in get
    self.model._meta.object_name
autoTest.models.DoesNotExist: Report matching query does not exist.
2019-02-13 20:16:45,313 [Thread-9:101874760] [django.request:118] [ERROR]- Internal Server Error: /autoTest/testCases_run/
Traceback (most recent call last):
  File "C:\Python36\lib\site-packages\django\core\handlers\exception.py", line 35, in inner
    response = get_response(request)
  File "C:\Python36\lib\site-packages\django\core\handlers\base.py", line 128, in _get_response
    response = self.process_exception_by_middleware(e, request)
  File "C:\Python36\lib\site-packages\django\core\handlers\base.py", line 126, in _get_response
    response = wrapped_callback(request, *callback_args, **callback_kwargs)
  File "E:\github\testGo\autoTest\views.py", line 892, in testCases_run
    report_path = runner.gen_html_report()
  File "C:\Python36\lib\site-packages\httprunner\api.py", line 256, in gen_html_report
    html_report_template
  File "C:\Python36\lib\site-packages\httprunner\report.py", line 116, in render_html_report
    if not os.path.isdir(report_dir_path):
UnboundLocalError: local variable 'report_dir_path' referenced before assignment
2019-02-13 20:17:44,360 [Thread-10:101874760] [django.request:118] [ERROR]- Internal Server Error: /autoTest/testCases_run/
Traceback (most recent call last):
  File "C:\Python36\lib\site-packages\django\core\handlers\exception.py", line 35, in inner
    response = get_response(request)
  File "C:\Python36\lib\site-packages\django\core\handlers\base.py", line 128, in _get_response
    response = self.process_exception_by_middleware(e, request)
  File "C:\Python36\lib\site-packages\django\core\handlers\base.py", line 126, in _get_response
    response = wrapped_callback(request, *callback_args, **callback_kwargs)
  File "E:\github\testGo\autoTest\views.py", line 892, in testCases_run
    report_path = runner.gen_html_report()
  File "C:\Python36\lib\site-packages\httprunner\api.py", line 256, in gen_html_report
    html_report_template
  File "C:\Python36\lib\site-packages\httprunner\report.py", line 116, in render_html_report
    if not os.path.isdir(report_dir_path):
UnboundLocalError: local variable 'report_dir_path' referenced before assignment
2019-02-13 20:19:00,601 [Thread-12:101874760] [django.request:118] [ERROR]- Internal Server Error: /autoTest/testCases_run/
Traceback (most recent call last):
  File "C:\Python36\lib\site-packages\django\core\handlers\exception.py", line 35, in inner
    response = get_response(request)
  File "C:\Python36\lib\site-packages\django\core\handlers\base.py", line 128, in _get_response
    response = self.process_exception_by_middleware(e, request)
  File "C:\Python36\lib\site-packages\django\core\handlers\base.py", line 126, in _get_response
    response = wrapped_callback(request, *callback_args, **callback_kwargs)
  File "E:\github\testGo\autoTest\views.py", line 902, in testCases_run
    report_path = runner.gen_html_report()
  File "C:\Python36\lib\site-packages\httprunner\api.py", line 256, in gen_html_report
    html_report_template
  File "C:\Python36\lib\site-packages\httprunner\report.py", line 116, in render_html_report
    if not os.path.isdir(report_dir_path):
UnboundLocalError: local variable 'report_dir_path' referenced before assignment
2019-02-13 20:26:18,623 [Thread-9:93360968] [django.request:118] [ERROR]- Internal Server Error: /autoTest/report_show/
Traceback (most recent call last):
  File "C:\Python36\lib\site-packages\django\core\handlers\exception.py", line 35, in inner
    response = get_response(request)
  File "C:\Python36\lib\site-packages\django\core\handlers\base.py", line 128, in _get_response
    response = self.process_exception_by_middleware(e, request)
  File "C:\Python36\lib\site-packages\django\core\handlers\base.py", line 126, in _get_response
    response = wrapped_callback(request, *callback_args, **callback_kwargs)
  File "E:\github\testGo\autoTest\views.py", line 939, in report_show
    return render(request, report_html_path,{ })
  File "C:\Python36\lib\site-packages\django\shortcuts.py", line 36, in render
    content = loader.render_to_string(template_name, context, request, using=using)
  File "C:\Python36\lib\site-packages\django\template\loader.py", line 61, in render_to_string
    template = get_template(template_name, using=using)
  File "C:\Python36\lib\site-packages\django\template\loader.py", line 19, in get_template
    raise TemplateDoesNotExist(template_name, chain=chain)
django.template.exceptions.TemplateDoesNotExist: autoTest/reports/1550060791.html
2019-02-13 20:30:59,913 [Thread-11:102004552] [django.request:118] [ERROR]- Internal Server Error: /autoTest/report_show/
Traceback (most recent call last):
  File "C:\Python36\lib\site-packages\django\core\handlers\exception.py", line 35, in inner
    response = get_response(request)
  File "C:\Python36\lib\site-packages\django\core\handlers\base.py", line 128, in _get_response
    response = self.process_exception_by_middleware(e, request)
  File "C:\Python36\lib\site-packages\django\core\handlers\base.py", line 126, in _get_response
    response = wrapped_callback(request, *callback_args, **callback_kwargs)
  File "E:\github\testGo\autoTest\views.py", line 939, in report_show
    return render(request, report_html_path,{ })
  File "C:\Python36\lib\site-packages\django\shortcuts.py", line 36, in render
    content = loader.render_to_string(template_name, context, request, using=using)
  File "C:\Python36\lib\site-packages\django\template\loader.py", line 61, in render_to_string
    template = get_template(template_name, using=using)
  File "C:\Python36\lib\site-packages\django\template\loader.py", line 19, in get_template
    raise TemplateDoesNotExist(template_name, chain=chain)
django.template.exceptions.TemplateDoesNotExist: autoTest/reports/1550061073.html
2019-02-13 20:38:27,104 [Thread-13:93360968] [django.request:118] [ERROR]- Internal Server Error: /autoTest/report_show/
Traceback (most recent call last):
  File "C:\Python36\lib\site-packages\django\core\handlers\exception.py", line 35, in inner
    response = get_response(request)
  File "C:\Python36\lib\site-packages\django\core\handlers\base.py", line 128, in _get_response
    response = self.process_exception_by_middleware(e, request)
  File "C:\Python36\lib\site-packages\django\core\handlers\base.py", line 126, in _get_response
    response = wrapped_callback(request, *callback_args, **callback_kwargs)
  File "E:\github\testGo\autoTest\views.py", line 939, in report_show
    return render(request, report_html_path,{ })
  File "C:\Python36\lib\site-packages\django\shortcuts.py", line 36, in render
    content = loader.render_to_string(template_name, context, request, using=using)
  File "C:\Python36\lib\site-packages\django\template\loader.py", line 61, in render_to_string
    template = get_template(template_name, using=using)
  File "C:\Python36\lib\site-packages\django\template\loader.py", line 19, in get_template
    raise TemplateDoesNotExist(template_name, chain=chain)
django.template.exceptions.TemplateDoesNotExist: autoTest/reports/1550061520.html
2019-02-13 20:42:48,105 [Thread-7:102223944] [django.request:118] [ERROR]- Internal Server Error: /autoTest/report_show/
Traceback (most recent call last):
  File "C:\Python36\lib\site-packages\django\core\handlers\exception.py", line 35, in inner
    response = get_response(request)
  File "C:\Python36\lib\site-packages\django\core\handlers\base.py", line 128, in _get_response
    response = self.process_exception_by_middleware(e, request)
  File "C:\Python36\lib\site-packages\django\core\handlers\base.py", line 126, in _get_response
    response = wrapped_callback(request, *callback_args, **callback_kwargs)
  File "E:\github\testGo\autoTest\views.py", line 939, in report_show
    return render(request, report_html_path,{ })
  File "C:\Python36\lib\site-packages\django\shortcuts.py", line 36, in render
    content = loader.render_to_string(template_name, context, request, using=using)
  File "C:\Python36\lib\site-packages\django\template\loader.py", line 61, in render_to_string
    template = get_template(template_name, using=using)
  File "C:\Python36\lib\site-packages\django\template\loader.py", line 19, in get_template
    raise TemplateDoesNotExist(template_name, chain=chain)
django.template.exceptions.TemplateDoesNotExist: autoTest/reports/1550061766.html
2019-02-13 20:47:08,716 [Thread-2:87308104] [django.request:118] [ERROR]- Internal Server Error: /autoTest/report_show/
Traceback (most recent call last):
  File "C:\Python36\lib\site-packages\django\core\handlers\exception.py", line 35, in inner
    response = get_response(request)
  File "C:\Python36\lib\site-packages\django\core\handlers\base.py", line 128, in _get_response
    response = self.process_exception_by_middleware(e, request)
  File "C:\Python36\lib\site-packages\django\core\handlers\base.py", line 126, in _get_response
    response = wrapped_callback(request, *callback_args, **callback_kwargs)
  File "E:\github\testGo\autoTest\views.py", line 939, in report_show
    return render(request, report_html_path,{ })
  File "C:\Python36\lib\site-packages\django\shortcuts.py", line 36, in render
    content = loader.render_to_string(template_name, context, request, using=using)
  File "C:\Python36\lib\site-packages\django\template\loader.py", line 61, in render_to_string
    template = get_template(template_name, using=using)
  File "C:\Python36\lib\site-packages\django\template\loader.py", line 19, in get_template
    raise TemplateDoesNotExist(template_name, chain=chain)
django.template.exceptions.TemplateDoesNotExist: autoTest/reports/1550062041.html
2019-02-13 20:49:29,472 [Thread-4:87308104] [django.request:118] [ERROR]- Internal Server Error: /autoTest/report_show/
Traceback (most recent call last):
  File "C:\Python36\lib\site-packages\django\core\handlers\exception.py", line 35, in inner
    response = get_response(request)
  File "C:\Python36\lib\site-packages\django\core\handlers\base.py", line 128, in _get_response
    response = self.process_exception_by_middleware(e, request)
  File "C:\Python36\lib\site-packages\django\core\handlers\base.py", line 126, in _get_response
    response = wrapped_callback(request, *callback_args, **callback_kwargs)
  File "E:\github\testGo\autoTest\views.py", line 939, in report_show
    return render(request, report_html_path,{ })
  File "C:\Python36\lib\site-packages\django\shortcuts.py", line 36, in render
    content = loader.render_to_string(template_name, context, request, using=using)
  File "C:\Python36\lib\site-packages\django\template\loader.py", line 61, in render_to_string
    template = get_template(template_name, using=using)
  File "C:\Python36\lib\site-packages\django\template\loader.py", line 19, in get_template
    raise TemplateDoesNotExist(template_name, chain=chain)
django.template.exceptions.TemplateDoesNotExist: autoTest/reports/1550062182.html
2019-02-15 20:27:40,718 [Thread-12:100840008] [django.request:118] [ERROR]- Internal Server Error: /autoTest/report_show/
Traceback (most recent call last):
  File "C:\Python36\lib\site-packages\django\core\handlers\exception.py", line 35, in inner
    response = get_response(request)
  File "C:\Python36\lib\site-packages\django\core\handlers\base.py", line 128, in _get_response
    response = self.process_exception_by_middleware(e, request)
  File "C:\Python36\lib\site-packages\django\core\handlers\base.py", line 126, in _get_response
    response = wrapped_callback(request, *callback_args, **callback_kwargs)
  File "E:\github\testGo\autoTest\views.py", line 959, in report_show
    return render(request, report_html_path,{ })
  File "C:\Python36\lib\site-packages\django\shortcuts.py", line 36, in render
    content = loader.render_to_string(template_name, context, request, using=using)
  File "C:\Python36\lib\site-packages\django\template\loader.py", line 61, in render_to_string
    template = get_template(template_name, using=using)
  File "C:\Python36\lib\site-packages\django\template\loader.py", line 19, in get_template
    raise TemplateDoesNotExist(template_name, chain=chain)
django.template.exceptions.TemplateDoesNotExist: autoTest/reports/1550062182.html
2019-02-15 20:27:48,082 [Thread-14:100840008] [django.request:118] [ERROR]- Internal Server Error: /autoTest/report_show/
Traceback (most recent call last):
  File "C:\Python36\lib\site-packages\django\core\handlers\exception.py", line 35, in inner
    response = get_response(request)
  File "C:\Python36\lib\site-packages\django\core\handlers\base.py", line 128, in _get_response
    response = self.process_exception_by_middleware(e, request)
  File "C:\Python36\lib\site-packages\django\core\handlers\base.py", line 126, in _get_response
    response = wrapped_callback(request, *callback_args, **callback_kwargs)
  File "E:\github\testGo\autoTest\views.py", line 959, in report_show
    return render(request, report_html_path,{ })
  File "C:\Python36\lib\site-packages\django\shortcuts.py", line 36, in render
    content = loader.render_to_string(template_name, context, request, using=using)
  File "C:\Python36\lib\site-packages\django\template\loader.py", line 61, in render_to_string
    template = get_template(template_name, using=using)
  File "C:\Python36\lib\site-packages\django\template\loader.py", line 19, in get_template
    raise TemplateDoesNotExist(template_name, chain=chain)
django.template.exceptions.TemplateDoesNotExist: autoTest/reports/1550110109.html
2019-02-15 20:27:55,488 [Thread-17:100840008] [django.request:118] [ERROR]- Internal Server Error: /autoTest/testCases_run/
Traceback (most recent call last):
  File "C:\Python36\lib\site-packages\django\core\handlers\exception.py", line 35, in inner
    response = get_response(request)
  File "C:\Python36\lib\site-packages\django\core\handlers\base.py", line 128, in _get_response
    response = self.process_exception_by_middleware(e, request)
  File "C:\Python36\lib\site-packages\django\core\handlers\base.py", line 126, in _get_response
    response = wrapped_callback(request, *callback_args, **callback_kwargs)
  File "E:\github\testGo\autoTest\views.py", line 908, in testCases_run
    return JsonResponse(summary, safe=False)
UnboundLocalError: local variable 'summary' referenced before assignment
2019-02-15 20:27:58,978 [Thread-18:100840008] [django.request:118] [ERROR]- Internal Server Error: /autoTest/testCases_run/
Traceback (most recent call last):
  File "C:\Python36\lib\site-packages\django\core\handlers\exception.py", line 35, in inner
    response = get_response(request)
  File "C:\Python36\lib\site-packages\django\core\handlers\base.py", line 128, in _get_response
    response = self.process_exception_by_middleware(e, request)
  File "C:\Python36\lib\site-packages\django\core\handlers\base.py", line 126, in _get_response
    response = wrapped_callback(request, *callback_args, **callback_kwargs)
  File "E:\github\testGo\autoTest\views.py", line 911, in testCases_run
    report_path = runner.gen_html_report()
  File "C:\Python36\lib\site-packages\httprunner\api.py", line 250, in gen_html_report
    raise exceptions.MyBaseError("run method should be called before gen_html_report.")
httprunner.exceptions.MyBaseError: run method should be called before gen_html_report.
2019-02-18 14:39:21,736 [Thread-5:102259272] [django.request:118] [ERROR]- Internal Server Error: /autoTest/mockServer_update/
Traceback (most recent call last):
  File "C:\Python36\lib\site-packages\django\db\models\options.py", line 566, in get_field
    return self.fields_map[field_name]
KeyError: 'api_mock_status'

During handling of the above exception, another exception occurred:

Traceback (most recent call last):
  File "C:\Python36\lib\site-packages\django\core\handlers\exception.py", line 35, in inner
    response = get_response(request)
  File "C:\Python36\lib\site-packages\django\core\handlers\base.py", line 128, in _get_response
    response = self.process_exception_by_middleware(e, request)
  File "C:\Python36\lib\site-packages\django\core\handlers\base.py", line 126, in _get_response
    response = wrapped_callback(request, *callback_args, **callback_kwargs)
  File "E:\github\testGo\autoTest\views.py", line 1310, in mockServer_update
    Api.objects.filter(api_id=api_id).update(default_mockServer_id=default_mockServer_id, api_mock_status=api_mock_status)
  File "C:\Python36\lib\site-packages\django\db\models\query.py", line 688, in update
    query.add_update_values(kwargs)
  File "C:\Python36\lib\site-packages\django\db\models\sql\subqueries.py", line 117, in add_update_values
    field = self.get_meta().get_field(name)
  File "C:\Python36\lib\site-packages\django\db\models\options.py", line 568, in get_field
    raise FieldDoesNotExist("%s has no field named '%s'" % (self.object_name, field_name))
django.core.exceptions.FieldDoesNotExist: Api has no field named 'api_mock_status'
2019-02-18 14:40:14,252 [Thread-8:101249608] [django.request:118] [ERROR]- Internal Server Error: /autoTest/mockServer_update/
Traceback (most recent call last):
  File "C:\Python36\lib\site-packages\django\db\models\options.py", line 566, in get_field
    return self.fields_map[field_name]
KeyError: 'api_mock_status'

During handling of the above exception, another exception occurred:

Traceback (most recent call last):
  File "C:\Python36\lib\site-packages\django\core\handlers\exception.py", line 35, in inner
    response = get_response(request)
  File "C:\Python36\lib\site-packages\django\core\handlers\base.py", line 128, in _get_response
    response = self.process_exception_by_middleware(e, request)
  File "C:\Python36\lib\site-packages\django\core\handlers\base.py", line 126, in _get_response
    response = wrapped_callback(request, *callback_args, **callback_kwargs)
  File "E:\github\testGo\autoTest\views.py", line 1310, in mockServer_update
    Api.objects.filter(api_id=api_id).update(default_mockServer_id=default_mockServer_id, api_mock_status=api_mock_status)
  File "C:\Python36\lib\site-packages\django\db\models\query.py", line 688, in update
    query.add_update_values(kwargs)
  File "C:\Python36\lib\site-packages\django\db\models\sql\subqueries.py", line 117, in add_update_values
    field = self.get_meta().get_field(name)
  File "C:\Python36\lib\site-packages\django\db\models\options.py", line 568, in get_field
    raise FieldDoesNotExist("%s has no field named '%s'" % (self.object_name, field_name))
django.core.exceptions.FieldDoesNotExist: Api has no field named 'api_mock_status'
2019-02-23 15:22:57,137 [Thread-46:120993352] [django.request:93] [WARNING]- Not Found: /searchAuthors/
2019-02-23 15:30:01,028 [Thread-3:98163016] [django.request:118] [ERROR]- Internal Server Error: /searchAuthors/
Traceback (most recent call last):
  File "C:\Python36\lib\site-packages\django\core\handlers\exception.py", line 35, in inner
    response = get_response(request)
  File "C:\Python36\lib\site-packages\django\core\handlers\base.py", line 128, in _get_response
    response = self.process_exception_by_middleware(e, request)
  File "C:\Python36\lib\site-packages\django\core\handlers\base.py", line 126, in _get_response
    response = wrapped_callback(request, *callback_args, **callback_kwargs)
  File "E:\github\testGo\autoTest\views.py", line 1152, in run_mock_server
    return combine_response(default_mockServer, request)
  File "E:\github\testGo\autoTest\views.py", line 1079, in combine_response
    expect_status_code=expect_status_code, expect_headers=expect_headers,expect_response=return_value_list)  # 发送响应结果给客户端
TypeError: 'JsonResponse' object is not callable
2019-02-23 15:31:50,209 [Thread-2:87373640] [django.request:118] [ERROR]- Internal Server Error: /searchAuthors/
Traceback (most recent call last):
  File "C:\Python36\lib\site-packages\django\core\handlers\exception.py", line 35, in inner
    response = get_response(request)
  File "C:\Python36\lib\site-packages\django\core\handlers\base.py", line 128, in _get_response
    response = self.process_exception_by_middleware(e, request)
  File "C:\Python36\lib\site-packages\django\core\handlers\base.py", line 126, in _get_response
    response = wrapped_callback(request, *callback_args, **callback_kwargs)
  File "E:\github\testGo\autoTest\views.py", line 1151, in run_mock_server
    return combine_response(default_mockServer, request)
  File "E:\github\testGo\autoTest\views.py", line 1077, in combine_response
    return_response.setdefault(expect_response=return_value_list)
TypeError: setdefault() got an unexpected keyword argument 'expect_response'
2019-02-23 15:32:01,578 [Thread-10:98097480] [django.request:118] [ERROR]- Internal Server Error: /searchAuthors/
Traceback (most recent call last):
  File "C:\Python36\lib\site-packages\django\core\handlers\exception.py", line 35, in inner
    response = get_response(request)
  File "C:\Python36\lib\site-packages\django\core\handlers\base.py", line 128, in _get_response
    response = self.process_exception_by_middleware(e, request)
  File "C:\Python36\lib\site-packages\django\core\handlers\base.py", line 126, in _get_response
    response = wrapped_callback(request, *callback_args, **callback_kwargs)
  File "E:\github\testGo\autoTest\views.py", line 1151, in run_mock_server
    return combine_response(default_mockServer, request)
  File "E:\github\testGo\autoTest\views.py", line 1077, in combine_response
    return_response.setdefault(expect_response=return_value_list)
TypeError: setdefault() got an unexpected keyword argument 'expect_response'
2019-02-25 17:09:27,516 [Thread-33:96843592] [django.request:93] [WARNING]- Not Found: /autoTest/templates/autoTest/reports/summary.png
2019-02-26 09:45:59,783 [Thread-2:96858440] [django.request:118] [ERROR]- Internal Server Error: /
Traceback (most recent call last):
  File "C:\Python36\lib\site-packages\django\core\handlers\exception.py", line 35, in inner
    response = get_response(request)
  File "C:\Python36\lib\site-packages\django\core\handlers\base.py", line 128, in _get_response
    response = self.process_exception_by_middleware(e, request)
  File "C:\Python36\lib\site-packages\django\core\handlers\base.py", line 126, in _get_response
    response = wrapped_callback(request, *callback_args, **callback_kwargs)
  File "E:\github\testGo\autoTest\views.py", line 54, in index
    loop_day = today + datetime.timedelta(day=-day)
TypeError: 'day' is an invalid keyword argument for this function
2019-02-26 09:47:47,979 [Thread-2:96854344] [django.request:118] [ERROR]- Internal Server Error: /
Traceback (most recent call last):
  File "C:\Python36\lib\site-packages\django\core\handlers\exception.py", line 35, in inner
    response = get_response(request)
  File "C:\Python36\lib\site-packages\django\core\handlers\base.py", line 128, in _get_response
    response = self.process_exception_by_middleware(e, request)
  File "C:\Python36\lib\site-packages\django\core\handlers\base.py", line 126, in _get_response
    response = wrapped_callback(request, *callback_args, **callback_kwargs)
  File "E:\github\testGo\autoTest\views.py", line 54, in index
    loop_day = today + datetime.timedelta(day=-(day))
TypeError: 'day' is an invalid keyword argument for this function
2019-02-26 11:25:03,529 [django.request:118] [ERROR]- Internal Server Error: /autoTest/function_index/
Traceback (most recent call last):
  File "C:\Python36\lib\site-packages\django\core\handlers\exception.py", line 35, in inner
    response = get_response(request)
  File "C:\Python36\lib\site-packages\django\core\handlers\base.py", line 128, in _get_response
    response = self.process_exception_by_middleware(e, request)
  File "C:\Python36\lib\site-packages\django\core\handlers\base.py", line 126, in _get_response
    response = wrapped_callback(request, *callback_args, **callback_kwargs)
  File "E:\github\testGo\autoTest\views.py", line 1092, in function_index
    'next_page_index': next_page_index
  File "C:\Python36\lib\site-packages\django\shortcuts.py", line 36, in render
    content = loader.render_to_string(template_name, context, request, using=using)
  File "C:\Python36\lib\site-packages\django\template\loader.py", line 61, in render_to_string
    template = get_template(template_name, using=using)
  File "C:\Python36\lib\site-packages\django\template\loader.py", line 19, in get_template
    raise TemplateDoesNotExist(template_name, chain=chain)
django.template.exceptions.TemplateDoesNotExist: autoTest/function_index.html
2019-02-26 11:32:38,255 [django.request:118] [ERROR]- Internal Server Error: /autoTest/function_index/
Traceback (most recent call last):
  File "C:\Python36\lib\site-packages\django\core\handlers\exception.py", line 35, in inner
    response = get_response(request)
  File "C:\Python36\lib\site-packages\django\core\handlers\base.py", line 128, in _get_response
    response = self.process_exception_by_middleware(e, request)
  File "C:\Python36\lib\site-packages\django\core\handlers\base.py", line 126, in _get_response
    response = wrapped_callback(request, *callback_args, **callback_kwargs)
  File "E:\github\testGo\autoTest\views.py", line 1092, in function_index
    'next_page_index': next_page_index
  File "C:\Python36\lib\site-packages\django\shortcuts.py", line 36, in render
    content = loader.render_to_string(template_name, context, request, using=using)
  File "C:\Python36\lib\site-packages\django\template\loader.py", line 61, in render_to_string
    template = get_template(template_name, using=using)
  File "C:\Python36\lib\site-packages\django\template\loader.py", line 19, in get_template
    raise TemplateDoesNotExist(template_name, chain=chain)
django.template.exceptions.TemplateDoesNotExist: autoTest/function_index.html
2019-02-26 11:35:20,519 [django.request:118] [ERROR]- Internal Server Error: /autoTest/function_index/
Traceback (most recent call last):
  File "C:\Python36\lib\site-packages\django\core\handlers\exception.py", line 35, in inner
    response = get_response(request)
  File "C:\Python36\lib\site-packages\django\core\handlers\base.py", line 128, in _get_response
    response = self.process_exception_by_middleware(e, request)
  File "C:\Python36\lib\site-packages\django\core\handlers\base.py", line 126, in _get_response
    response = wrapped_callback(request, *callback_args, **callback_kwargs)
  File "E:\github\testGo\autoTest\views.py", line 1092, in function_index
    'next_page_index': next_page_index
  File "C:\Python36\lib\site-packages\django\shortcuts.py", line 36, in render
    content = loader.render_to_string(template_name, context, request, using=using)
  File "C:\Python36\lib\site-packages\django\template\loader.py", line 62, in render_to_string
    return template.render(context, request)
  File "C:\Python36\lib\site-packages\django\template\backends\django.py", line 61, in render
    return self.template.render(context)
  File "C:\Python36\lib\site-packages\django\template\base.py", line 175, in render
    return self._render(context)
  File "C:\Python36\lib\site-packages\django\template\base.py", line 167, in _render
    return self.nodelist.render(context)
  File "C:\Python36\lib\site-packages\django\template\base.py", line 943, in render
    bit = node.render_annotated(context)
  File "C:\Python36\lib\site-packages\django\template\base.py", line 910, in render_annotated
    return self.render(context)
  File "C:\Python36\lib\site-packages\django\template\loader_tags.py", line 155, in render
    return compiled_parent._render(context)
  File "C:\Python36\lib\site-packages\django\template\base.py", line 167, in _render
    return self.nodelist.render(context)
  File "C:\Python36\lib\site-packages\django\template\base.py", line 943, in render
    bit = node.render_annotated(context)
  File "C:\Python36\lib\site-packages\django\template\base.py", line 910, in render_annotated
    return self.render(context)
  File "C:\Python36\lib\site-packages\django\template\loader_tags.py", line 67, in render
    result = block.nodelist.render(context)
  File "C:\Python36\lib\site-packages\django\template\base.py", line 943, in render
    bit = node.render_annotated(context)
  File "C:\Python36\lib\site-packages\django\template\base.py", line 910, in render_annotated
    return self.render(context)
  File "C:\Python36\lib\site-packages\django\template\defaulttags.py", line 168, in render
    len_values = len(values)
  File "C:\Python36\lib\site-packages\django\core\paginator.py", line 141, in __len__
    return len(self.object_list)
  File "C:\Python36\lib\site-packages\django\db\models\query.py", line 254, in __len__
    self._fetch_all()
  File "C:\Python36\lib\site-packages\django\db\models\query.py", line 1179, in _fetch_all
    self._result_cache = list(self._iterable_class(self))
  File "C:\Python36\lib\site-packages\django\db\models\query.py", line 54, in __iter__
    results = compiler.execute_sql(chunked_fetch=self.chunked_fetch, chunk_size=self.chunk_size)
  File "C:\Python36\lib\site-packages\django\db\models\sql\compiler.py", line 1051, in execute_sql
    sql, params = self.as_sql()
  File "C:\Python36\lib\site-packages\django\db\models\sql\compiler.py", line 446, in as_sql
    extra_select, order_by, group_by = self.pre_sql_setup()
  File "C:\Python36\lib\site-packages\django\db\models\sql\compiler.py", line 51, in pre_sql_setup
    order_by = self.get_order_by()
  File "C:\Python36\lib\site-packages\django\db\models\sql\compiler.py", line 316, in get_order_by
    field, self.query.get_meta(), default_order=asc))
  File "C:\Python36\lib\site-packages\django\db\models\sql\compiler.py", line 661, in find_ordering_name
    field, targets, alias, joins, path, opts = self._setup_joins(pieces, opts, alias)
  File "C:\Python36\lib\site-packages\django\db\models\sql\compiler.py", line 694, in _setup_joins
    pieces, opts, alias)
  File "C:\Python36\lib\site-packages\django\db\models\sql\query.py", line 1448, in setup_joins
    names, opts, allow_many, fail_on_missing=True)
  File "C:\Python36\lib\site-packages\django\db\models\sql\query.py", line 1379, in names_to_path
    "Choices are: %s" % (name, ", ".join(available)))
django.core.exceptions.FieldError: Cannot resolve keyword 'func_id' into field. Choices are: description, function_id, function_name
2019-02-26 11:36:11,851 [django.request:118] [ERROR]- Internal Server Error: /autoTest/function_index/
Traceback (most recent call last):
  File "C:\Python36\lib\site-packages\django\core\handlers\exception.py", line 35, in inner
    response = get_response(request)
  File "C:\Python36\lib\site-packages\django\core\handlers\base.py", line 128, in _get_response
    response = self.process_exception_by_middleware(e, request)
  File "C:\Python36\lib\site-packages\django\core\handlers\base.py", line 126, in _get_response
    response = wrapped_callback(request, *callback_args, **callback_kwargs)
  File "E:\github\testGo\autoTest\views.py", line 1092, in function_index
    'next_page_index': next_page_index
  File "C:\Python36\lib\site-packages\django\shortcuts.py", line 36, in render
    content = loader.render_to_string(template_name, context, request, using=using)
  File "C:\Python36\lib\site-packages\django\template\loader.py", line 62, in render_to_string
    return template.render(context, request)
  File "C:\Python36\lib\site-packages\django\template\backends\django.py", line 61, in render
    return self.template.render(context)
  File "C:\Python36\lib\site-packages\django\template\base.py", line 175, in render
    return self._render(context)
  File "C:\Python36\lib\site-packages\django\template\base.py", line 167, in _render
    return self.nodelist.render(context)
  File "C:\Python36\lib\site-packages\django\template\base.py", line 943, in render
    bit = node.render_annotated(context)
  File "C:\Python36\lib\site-packages\django\template\base.py", line 910, in render_annotated
    return self.render(context)
  File "C:\Python36\lib\site-packages\django\template\loader_tags.py", line 155, in render
    return compiled_parent._render(context)
  File "C:\Python36\lib\site-packages\django\template\base.py", line 167, in _render
    return self.nodelist.render(context)
  File "C:\Python36\lib\site-packages\django\template\base.py", line 943, in render
    bit = node.render_annotated(context)
  File "C:\Python36\lib\site-packages\django\template\base.py", line 910, in render_annotated
    return self.render(context)
  File "C:\Python36\lib\site-packages\django\template\loader_tags.py", line 67, in render
    result = block.nodelist.render(context)
  File "C:\Python36\lib\site-packages\django\template\base.py", line 943, in render
    bit = node.render_annotated(context)
  File "C:\Python36\lib\site-packages\django\template\base.py", line 910, in render_annotated
    return self.render(context)
  File "C:\Python36\lib\site-packages\django\template\defaulttags.py", line 168, in render
    len_values = len(values)
  File "C:\Python36\lib\site-packages\django\core\paginator.py", line 141, in __len__
    return len(self.object_list)
  File "C:\Python36\lib\site-packages\django\db\models\query.py", line 254, in __len__
    self._fetch_all()
  File "C:\Python36\lib\site-packages\django\db\models\query.py", line 1179, in _fetch_all
    self._result_cache = list(self._iterable_class(self))
  File "C:\Python36\lib\site-packages\django\db\models\query.py", line 54, in __iter__
    results = compiler.execute_sql(chunked_fetch=self.chunked_fetch, chunk_size=self.chunk_size)
  File "C:\Python36\lib\site-packages\django\db\models\sql\compiler.py", line 1051, in execute_sql
    sql, params = self.as_sql()
  File "C:\Python36\lib\site-packages\django\db\models\sql\compiler.py", line 446, in as_sql
    extra_select, order_by, group_by = self.pre_sql_setup()
  File "C:\Python36\lib\site-packages\django\db\models\sql\compiler.py", line 51, in pre_sql_setup
    order_by = self.get_order_by()
  File "C:\Python36\lib\site-packages\django\db\models\sql\compiler.py", line 316, in get_order_by
    field, self.query.get_meta(), default_order=asc))
  File "C:\Python36\lib\site-packages\django\db\models\sql\compiler.py", line 661, in find_ordering_name
    field, targets, alias, joins, path, opts = self._setup_joins(pieces, opts, alias)
  File "C:\Python36\lib\site-packages\django\db\models\sql\compiler.py", line 694, in _setup_joins
    pieces, opts, alias)
  File "C:\Python36\lib\site-packages\django\db\models\sql\query.py", line 1448, in setup_joins
    names, opts, allow_many, fail_on_missing=True)
  File "C:\Python36\lib\site-packages\django\db\models\sql\query.py", line 1379, in names_to_path
    "Choices are: %s" % (name, ", ".join(available)))
django.core.exceptions.FieldError: Cannot resolve keyword 'func_id' into field. Choices are: description, function_id, function_name
